<?xml version="1.0" encoding="UTF-8"?>
<testng-results skipped="0" failed="0" total="1" passed="1">
  <reporter-output>
  </reporter-output>
  <suite name="Default suite" duration-ms="22157" started-at="2022-11-13T02:33:15Z" finished-at="2022-11-13T02:33:37Z">
    <groups>
    </groups>
    <test name="Default test" duration-ms="22157" started-at="2022-11-13T02:33:15Z" finished-at="2022-11-13T02:33:37Z">
      <class name="org.testing.TestScripts.TC1">
        <test-method status="PASS" signature="beforeMethod()[pri:0, instance:org.testing.TestScripts.TC1@61dd025]" name="beforeMethod" is-config="true" duration-ms="6634" started-at="2022-11-13T08:03:15Z" finished-at="2022-11-13T08:03:21Z">
          <reporter-output>
          </reporter-output>
        </test-method> <!-- beforeMethod -->
        <test-method status="PASS" signature="tc1Method()[pri:0, instance:org.testing.TestScripts.TC1@61dd025]" name="tc1Method" duration-ms="15352" started-at="2022-11-13T08:03:21Z" finished-at="2022-11-13T08:03:37Z">
          <reporter-output>
          </reporter-output>
        </test-method> <!-- tc1Method -->
        <test-method status="PASS" signature="afterMethod()[pri:0, instance:org.testing.TestScripts.TC1@61dd025]" name="afterMethod" is-config="true" duration-ms="155" started-at="2022-11-13T08:03:37Z" finished-at="2022-11-13T08:03:37Z">
          <reporter-output>
          </reporter-output>
        </test-method> <!-- afterMethod -->
        <test-method status="PASS" signature="afterClass()[pri:0, instance:org.testing.TestScripts.TC1@61dd025]" name="afterClass" is-config="true" duration-ms="0" started-at="2022-11-13T08:03:37Z" finished-at="2022-11-13T08:03:37Z">
          <reporter-output>
          </reporter-output>
        </test-method> <!-- afterClass -->
      </class> <!-- org.testing.TestScripts.TC1 -->
    </test> <!-- Default test -->
  </suite> <!-- Default suite -->
</testng-results>
