<?xml version="1.0" encoding="UTF-8"?>
<testng-results skipped="0" failed="0" total="1" passed="1">
  <reporter-output>
  </reporter-output>
  <suite name="Default suite" duration-ms="4506" started-at="2022-11-24T04:17:11Z" finished-at="2022-11-24T04:17:15Z">
    <groups>
    </groups>
    <test name="Default test" duration-ms="4506" started-at="2022-11-24T04:17:11Z" finished-at="2022-11-24T04:17:15Z">
      <class name="org.testing.TestScripts.MSBackendGateway">
        <test-method status="PASS" signature="usersPermissions()[pri:0, instance:org.testing.TestScripts.MSBackendGateway@197d671]" name="usersPermissions" duration-ms="4477" started-at="2022-11-24T09:47:11Z" finished-at="2022-11-24T09:47:15Z">
          <reporter-output>
          </reporter-output>
        </test-method> <!-- usersPermissions -->
      </class> <!-- org.testing.TestScripts.MSBackendGateway -->
    </test> <!-- Default test -->
  </suite> <!-- Default suite -->
</testng-results>
