<?xml version="1.0" encoding="UTF-8"?>
<testng-results skipped="0" failed="0" total="1" passed="1">
  <reporter-output>
  </reporter-output>
  <suite name="Default suite" duration-ms="62859" started-at="2023-02-26T05:12:16Z" finished-at="2023-02-26T05:13:19Z">
    <groups>
    </groups>
    <test name="Default test" duration-ms="62859" started-at="2023-02-26T05:12:16Z" finished-at="2023-02-26T05:13:19Z">
      <class name="org.testing.TestScripts.Nopaperforms">
        <test-method status="PASS" signature="beforeMethod()[pri:0, instance:org.testing.TestScripts.Nopaperforms@2f7c2f4f]" name="beforeMethod" is-config="true" duration-ms="7450" started-at="2023-02-26T10:42:16Z" finished-at="2023-02-26T10:42:24Z">
          <reporter-output>
          </reporter-output>
        </test-method> <!-- beforeMethod -->
        <test-method status="PASS" signature="tc1Method()[pri:0, instance:org.testing.TestScripts.Nopaperforms@2f7c2f4f]" name="tc1Method" duration-ms="55277" started-at="2023-02-26T10:42:24Z" finished-at="2023-02-26T10:43:19Z">
          <reporter-output>
          </reporter-output>
        </test-method> <!-- tc1Method -->
        <test-method status="PASS" signature="afterMethod()[pri:0, instance:org.testing.TestScripts.Nopaperforms@2f7c2f4f]" name="afterMethod" is-config="true" duration-ms="119" started-at="2023-02-26T10:43:19Z" finished-at="2023-02-26T10:43:19Z">
          <reporter-output>
          </reporter-output>
        </test-method> <!-- afterMethod -->
        <test-method status="PASS" signature="afterClass()[pri:0, instance:org.testing.TestScripts.Nopaperforms@2f7c2f4f]" name="afterClass" is-config="true" duration-ms="1" started-at="2023-02-26T10:43:19Z" finished-at="2023-02-26T10:43:19Z">
          <reporter-output>
          </reporter-output>
        </test-method> <!-- afterClass -->
      </class> <!-- org.testing.TestScripts.Nopaperforms -->
    </test> <!-- Default test -->
  </suite> <!-- Default suite -->
</testng-results>
